<?xml version="1.0" encoding="UTF-8"?>
<testng-results skipped="0" failed="0" total="1" passed="1">
  <reporter-output>
  </reporter-output>
  <suite name="Default suite" duration-ms="19027" started-at="2019-10-21T03:44:06Z" finished-at="2019-10-21T03:44:25Z">
    <groups>
    </groups>
    <test name="Default test" duration-ms="19027" started-at="2019-10-21T03:44:06Z" finished-at="2019-10-21T03:44:25Z">
      <class name="test.ExecutionTest">
        <test-method status="PASS" signature="beforeTest()[pri:0, instance:test.ExecutionTest@51081592]" name="beforeTest" is-config="true" duration-ms="8007" started-at="2019-10-21T00:44:06Z" finished-at="2019-10-21T00:44:14Z">
          <reporter-output>
          </reporter-output>
        </test-method> <!-- beforeTest -->
        <test-method status="PASS" signature="smokeTest()[pri:0, instance:test.ExecutionTest@51081592]" name="smokeTest" duration-ms="8273" started-at="2019-10-21T00:44:14Z" finished-at="2019-10-21T00:44:23Z">
          <reporter-output>
          </reporter-output>
        </test-method> <!-- smokeTest -->
        <test-method status="PASS" signature="afterTest()[pri:0, instance:test.ExecutionTest@51081592]" name="afterTest" is-config="true" duration-ms="2726" started-at="2019-10-21T00:44:23Z" finished-at="2019-10-21T00:44:25Z">
          <reporter-output>
          </reporter-output>
        </test-method> <!-- afterTest -->
      </class> <!-- test.ExecutionTest -->
    </test> <!-- Default test -->
  </suite> <!-- Default suite -->
</testng-results>
