<?xml version="1.0" encoding="UTF-8"?>
<testng-results skipped="0" failed="0" total="1" passed="1">
  <reporter-output>
  </reporter-output>
  <suite name="Default suite" duration-ms="11872" started-at="2019-10-21T03:00:36Z" finished-at="2019-10-21T03:00:48Z">
    <groups>
    </groups>
    <test name="Default test" duration-ms="11872" started-at="2019-10-21T03:00:36Z" finished-at="2019-10-21T03:00:48Z">
      <class name="test.ExecutionTest">
        <test-method status="PASS" signature="beforeTest()[pri:0, instance:test.ExecutionTest@51081592]" name="beforeTest" is-config="true" duration-ms="9007" started-at="2019-10-21T00:00:36Z" finished-at="2019-10-21T00:00:45Z">
          <reporter-output>
          </reporter-output>
        </test-method> <!-- beforeTest -->
        <test-method status="PASS" signature="smokeTest()[pri:0, instance:test.ExecutionTest@51081592]" name="smokeTest" duration-ms="7" started-at="2019-10-21T00:00:45Z" finished-at="2019-10-21T00:00:45Z">
          <reporter-output>
          </reporter-output>
        </test-method> <!-- smokeTest -->
        <test-method status="PASS" signature="afterTest()[pri:0, instance:test.ExecutionTest@51081592]" name="afterTest" is-config="true" duration-ms="2839" started-at="2019-10-21T00:00:45Z" finished-at="2019-10-21T00:00:48Z">
          <reporter-output>
          </reporter-output>
        </test-method> <!-- afterTest -->
      </class> <!-- test.ExecutionTest -->
    </test> <!-- Default test -->
  </suite> <!-- Default suite -->
</testng-results>
